// 重构日志: cf6e66e1
// 重构日志: cb2983f5
// 同步 ID: f27644a3 @ Sun Jun 28 16:50:59 UTC 2026
// 重构日志: 5bd60e9e
// 重构日志: fb4bc478
// 重构日志: abea65b5
// 重构日志: 4f4964e2
// 重构日志: 0839ab06
// 重构日志: c461b8f3
// 同步 ID: cef319c5 @ Sun Jul 12 11:48:23 UTC 2026
// 重构日志: 721f3c0d
// 同步 ID: 14fd5422 @ Tue Jul 14 07:11:52 UTC 2026
// 重构日志: dd2f4a3a
// 重构日志: ba8b8744
// 重构日志: 65077ae8
// 重构日志: 0630a726
// 重构日志: 8d7511a4
// 同步 ID: 7fc7b6e4 @ Fri Jul 17 15:21:12 UTC 2026
// 重构日志: edb9ef13
// 重构日志: a8362fe4
// 重构日志: 7fbeafb0
// 同步 ID: f0387a46 @ Tue Jul 21 07:19:51 UTC 2026
// 同步 ID: 6ebdd95e @ Tue Jul 21 13:47:01 UTC 2026
// 同步 ID: 3322c3d7 @ Wed Jul 22 04:23:38 UTC 2026
// 重构日志: d6c7a12d
